18-Sep-2017 18:31:27.833 INFO [main] org.apache.catalina.core.AprLifecycleListener.lifecycleEvent The APR based Apache Tomcat Native library which allows optimal performance in production environments was not found on the java.library.path: C:\Program Files\Java\jdk1.8.0_121\jre\bin;C:\Windows\Sun\Java\bin;C:\Windows\system32;C:\Windows;C:\Users\thejasreem\bin;C:\Program Files\Git\mingw64\bin;C:\Program Files\Git\usr\local\bin;C:\Program Files\Git\usr\bin;C:\Program Files\Git\usr\bin;C:\Program Files\Git\mingw64\bin;C:\Program Files\Git\usr\bin;C:\Users\thejasreem\bin;C:\ProgramData\Oracle\Java\javapath;C:\Windows\system32;C:\Windows;C:\Windows\System32\Wbem;C:\Windows\System32\WindowsPowerShell\v1.0;C:\Program Files\Intel\WiFi\bin;C:\Program Files\Common Files\Intel\WirelessCommon;C:\Program Files (x86)\Skype\Phone;C:\Program Files\Java\jdk1.8.0_121\bin;C:\Program Files (x86)\sbt\bin;C:\Program Files (x86)\scala\bin;C:\Program Files\nodejs;C:\Program Files\Git\cmd;D:\Softwares\sonar-scanner-2.6.1\bin;C:\Program Files\zookeeper-3.4.10\bin;C:\ProgramData\chocolatey\bin;C:\Program Files (x86)\Skype\Phone;C:\Users\thejasreem\AppData\Roaming\npm;D:\Softwares\apache-maven-3.5.0\bin;C:\Program Files\Docker Toolbox;C:\Program Files (x86)\Kubernetes\Minikube;C:\Program Files\IBM\Bluemix\bin;C:\Program Files\Cloud Foundry;C:\Python27;C:\Python27\Lib;C:\Python27\DLLs;C:\Python27\Lib\lib-tk; C;C:\Program Files\Git\Program Files (x86)\Yarn\bin;C:\Users\thejasreem\AppData\Local\Android\sdk\platform-tools;C:\ProgramData\Microsoft\Windows\Start Menu\Programs\Visual Studio Code;C:\Users\thejasreem\AppData\Local\Android\sdk\tools;C:\ProgramData\Microsoft\Windows\Start Menu\Programs\MySQL\MySQL Server 5.7;C:\Program Files\Apache Software Foundation\apache-maven-3.5.0\bin;C:\Users\thejasreem\AppData\Roaming\npm;C:\Program Files\Docker Toolbox;C:\Users\thejasreem\AppData\Local\Yarn\bin;C:\Program Files\Microsoft VS Code\bin;C:\Program Files\Git\usr\bin\vendor_perl;C:\Program Files\Git\usr\bin\core_perl;.
18-Sep-2017 18:31:28.857 INFO [main] org.apache.coyote.AbstractProtocol.init Initializing ProtocolHandler ["http-nio-9080"]
18-Sep-2017 18:31:29.590 INFO [main] org.apache.tomcat.util.net.NioSelectorPool.getSharedSelector Using a shared selector for servlet write/read
18-Sep-2017 18:31:29.594 INFO [main] org.apache.coyote.AbstractProtocol.init Initializing ProtocolHandler ["ajp-nio-9185"]
18-Sep-2017 18:31:29.601 INFO [main] org.apache.tomcat.util.net.NioSelectorPool.getSharedSelector Using a shared selector for servlet write/read
18-Sep-2017 18:31:29.602 INFO [main] org.apache.catalina.startup.Catalina.load Initialization processed in 2708 ms
18-Sep-2017 18:31:29.729 INFO [main] org.apache.catalina.core.StandardService.startInternal Starting service Catalina
18-Sep-2017 18:31:29.730 INFO [main] org.apache.catalina.core.StandardEngine.startInternal Starting Servlet Engine: Apache Tomcat/8.0.38
18-Sep-2017 18:31:29.837 INFO [localhost-startStop-1] org.apache.catalina.startup.HostConfig.deployWAR Deploying web application archive E:\50k\Hippo50K\target\tomcat8x\webapps\cargocpc.war
18-Sep-2017 18:31:31.271 INFO [localhost-startStop-1] org.apache.catalina.startup.HostConfig.deployWAR Deployment of web application archive E:\50k\Hippo50K\target\tomcat8x\webapps\cargocpc.war has finished in 1,432 ms
18-Sep-2017 18:31:31.273 INFO [localhost-startStop-1] org.apache.catalina.startup.HostConfig.deployWAR Deploying web application archive E:\50k\Hippo50K\target\tomcat8x\webapps\cms.war
18-Sep-2017 18:32:31.444 INFO [localhost-startStop-1] org.apache.catalina.startup.HostConfig.deployWAR Deployment of web application archive E:\50k\Hippo50K\target\tomcat8x\webapps\cms.war has finished in 60,171 ms
18-Sep-2017 18:32:31.445 INFO [localhost-startStop-1] org.apache.catalina.startup.HostConfig.deployWAR Deploying web application archive E:\50k\Hippo50K\target\tomcat8x\webapps\essentials.war
18-Sep-2017 18:33:06.888 INFO [localhost-startStop-1] org.apache.catalina.startup.HostConfig.deployWAR Deployment of web application archive E:\50k\Hippo50K\target\tomcat8x\webapps\essentials.war has finished in 35,442 ms
18-Sep-2017 18:33:06.893 INFO [localhost-startStop-1] org.apache.catalina.startup.HostConfig.deployWAR Deploying web application archive E:\50k\Hippo50K\target\tomcat8x\webapps\site.war
18-Sep-2017 18:33:06.902 INFO [localhost-startStop-1] org.apache.catalina.realm.JAASRealm.setUseContextClassLoader Setting useContextClassLoader = true
18-Sep-2017 18:33:34.614 INFO [localhost-startStop-1] org.apache.catalina.startup.HostConfig.deployWAR Deployment of web application archive E:\50k\Hippo50K\target\tomcat8x\webapps\site.war has finished in 27,721 ms
18-Sep-2017 18:33:34.649 INFO [localhost-startStop-1] org.apache.catalina.startup.HostConfig.deployDirectory Deploying web application directory E:\50k\Hippo50K\target\tomcat8x\webapps\host-manager
18-Sep-2017 18:33:34.922 INFO [localhost-startStop-1] org.apache.catalina.startup.HostConfig.deployDirectory Deployment of web application directory E:\50k\Hippo50K\target\tomcat8x\webapps\host-manager has finished in 273 ms
18-Sep-2017 18:33:34.922 INFO [localhost-startStop-1] org.apache.catalina.startup.HostConfig.deployDirectory Deploying web application directory E:\50k\Hippo50K\target\tomcat8x\webapps\manager
18-Sep-2017 18:33:35.085 INFO [localhost-startStop-1] org.apache.catalina.startup.HostConfig.deployDirectory Deployment of web application directory E:\50k\Hippo50K\target\tomcat8x\webapps\manager has finished in 163 ms
18-Sep-2017 18:33:35.188 INFO [main] org.apache.coyote.AbstractProtocol.start Starting ProtocolHandler ["http-nio-9080"]
18-Sep-2017 18:33:35.320 INFO [main] org.apache.coyote.AbstractProtocol.start Starting ProtocolHandler ["ajp-nio-9185"]
18-Sep-2017 18:33:35.379 INFO [main] org.apache.catalina.startup.Catalina.start Server startup in 125769 ms
